c:\users\brian\dev_space\market\projects\markets\markets.datastructures\x64\debug\markets.datastructures.pch
c:\users\brian\dev_space\market\projects\markets\markets.datastructures\x64\debug\vc143.pdb
c:\users\brian\dev_space\market\projects\markets\markets.datastructures\x64\debug\vc143.idb
c:\users\brian\dev_space\market\projects\markets\markets.datastructures\x64\debug\pch.obj
c:\users\brian\dev_space\market\projects\markets\markets.datastructures\x64\debug\microsoft\stl\std.compat.ixx.ifc
c:\users\brian\dev_space\market\projects\markets\markets.datastructures\x64\debug\microsoft\stl\std.compat.ixx.ifc.d.json
c:\users\brian\dev_space\market\projects\markets\markets.datastructures\x64\debug\microsoft\stl\std.compat.ixx.obj
c:\users\brian\dev_space\market\projects\markets\markets.datastructures\x64\debug\microsoft\stl\std.ixx.ifc
c:\users\brian\dev_space\market\projects\markets\markets.datastructures\x64\debug\microsoft\stl\std.ixx.ifc.d.json
c:\users\brian\dev_space\market\projects\markets\markets.datastructures\x64\debug\microsoft\stl\std.ixx.obj
c:\users\brian\dev_space\market\projects\markets\markets.datastructures\x64\debug\redblacktree.obj
c:\users\brian\dev_space\market\projects\markets\markets.datastructures\x64\debug\dllmain.obj
c:\users\brian\dev_space\market\projects\markets\x64\debug\markets.datastructures.dll
c:\users\brian\dev_space\market\projects\markets\x64\debug\markets.datastructures.pdb
c:\users\brian\dev_space\market\projects\markets\markets.datastructures\x64\debug\microsoft\stl\std.compat.ixx.module.json
c:\users\brian\dev_space\market\projects\markets\markets.datastructures\x64\debug\microsoft\stl\std.ixx.module.json
c:\users\brian\dev_space\market\projects\markets\markets.datastructures\x64\debug\markets.datastructures.ilk
c:\users\brian\dev_space\market\projects\markets\markets.datastructures\x64\debug\markets..356ccf17.tlog\cl.command.1.tlog
c:\users\brian\dev_space\market\projects\markets\markets.datastructures\x64\debug\markets..356ccf17.tlog\cl.items.tlog
c:\users\brian\dev_space\market\projects\markets\markets.datastructures\x64\debug\markets..356ccf17.tlog\cl.read.1.tlog
c:\users\brian\dev_space\market\projects\markets\markets.datastructures\x64\debug\markets..356ccf17.tlog\cl.write.1.tlog
c:\users\brian\dev_space\market\projects\markets\markets.datastructures\x64\debug\markets..356ccf17.tlog\link.command.1.tlog
c:\users\brian\dev_space\market\projects\markets\markets.datastructures\x64\debug\markets..356ccf17.tlog\link.read.1.tlog
c:\users\brian\dev_space\market\projects\markets\markets.datastructures\x64\debug\markets..356ccf17.tlog\link.secondary.1.tlog
c:\users\brian\dev_space\market\projects\markets\markets.datastructures\x64\debug\markets..356ccf17.tlog\link.write.1.tlog
c:\users\brian\dev_space\market\projects\markets\markets.datastructures\x64\debug\markets..356ccf17_md.tlog\cl.command.1.tlog
c:\users\brian\dev_space\market\projects\markets\markets.datastructures\x64\debug\markets..356ccf17_md.tlog\microsoft.build.cpptasks.cl.read.1.tlog
c:\users\brian\dev_space\market\projects\markets\markets.datastructures\x64\debug\markets..356ccf17_md.tlog\microsoft.build.cpptasks.cl.write.1.tlog
